<?xml version="1.0" encoding="UTF-8"?>
<testsuite name="me.ukd.akka.sample.UserServerTest" tests="1" skipped="0" failures="0" errors="0" timestamp="2021-05-06T07:19:17" hostname="Udays.local" time="3.415">
  <properties/>
  <testcase name="whenRequest_thenActorResponds" classname="me.ukd.akka.sample.UserServerTest" time="3.415"/>
  <system-out><![CDATA[]]></system-out>
  <system-err><![CDATA[]]></system-err>
</testsuite>
